#
# A fatal error has been detected by the Java Runtime Environment:
#
#  EXCEPTION_ACCESS_VIOLATION (0xc0000005) at pc=0x62c48d7e, pid=4564, tid=6328
#
# JRE version: Java(TM) SE Runtime Environment (8.0_40-b25) (build 1.8.0_40-b25)
# Java VM: Java HotSpot(TM) Client VM (25.40-b25 mixed mode windows-x86 )
# Problematic frame:
# C  [hello.dll+0x28d7e]  WndProc+0xc5e
#
# Failed to write core dump. Minidumps are not enabled by default on client versions of Windows
#
# If you would like to submit a bug report, please visit:
#   http://bugreport.java.com/bugreport/crash.jsp
# The crash happened outside the Java Virtual Machine in native code.
# See problematic frame for where to report the bug.
#

---------------  T H R E A D  ---------------

Current thread (0x0077c000):  JavaThread "main" [_thread_in_native, id=6328, stack(0x008d0000,0x00920000)]

siginfo: ExceptionCode=0xc0000005, reading address 0x80000306

Registers:
EAX=0x00000006, EBX=0x00000041, ECX=0x007ac3e0, EDX=0x80000300
ESP=0x0091e8fc, EBP=0x0091f1a4, ESI=0x0091e8fc, EDI=0x0091f198
EIP=0x62c48d7e, EFLAGS=0x00010246

Top of Stack: (sp=0x0091e8fc)
0x0091e8fc:   504b84e4 001e0001 62c32aa0 00000041
0x0091e90c:   cccccccc 00000006 cccccccc cccccccc
0x0091e91c:   cccccccc cccccccc cccccccc cccccccc
0x0091e92c:   cccccccc cccccccc cccccccc cccccccc
0x0091e93c:   cccccccc cccccccc cccccccc cccccccc
0x0091e94c:   cccccccc cccccccc cccccccc cccccccc
0x0091e95c:   cccccccc cccccccc cccccccc cccccccc
0x0091e96c:   cccccccc cccccccc cccccccc cccccccc 

Instructions: (pc=0x62c48d7e)
0x62c48d5e:   c6 04 02 31 eb aa e9 7c ff ff ff 8b 85 1c fe ff
0x62c48d6e:   ff 8b 0d ac 09 c6 62 8b 14 81 8b 85 28 fe ff ff
0x62c48d7e:   0f be 0c 02 83 f9 31 75 1b 8b 85 1c fe ff ff 8b
0x62c48d8e:   0d ac 09 c6 62 8b 14 81 8b 85 28 fe ff ff c6 04 


Register to memory mapping:

EAX=0x00000006 is an unknown value
EBX=0x00000041 is an unknown value
ECX=0x007ac3e0 is an unknown value
EDX=0x80000300 is an unknown value
ESP=0x0091e8fc is pointing into the stack for thread: 0x0077c000
EBP=0x0091f1a4 is pointing into the stack for thread: 0x0077c000
ESI=0x0091e8fc is pointing into the stack for thread: 0x0077c000
EDI=0x0091f198 is pointing into the stack for thread: 0x0077c000


Stack: [0x008d0000,0x00920000],  sp=0x0091e8fc,  free space=314k
Native frames: (J=compiled Java code, j=interpreted, Vv=VM code, C=native code)
C  [hello.dll+0x28d7e]  WndProc+0xc5e
C  [USER32.dll+0x791c]
C  [USER32.dll+0x7b7a]
C  [USER32.dll+0xc7be]
C  [tv_w32.dll+0xbcf3]
C  [USER32.dll+0x791c]
C  [USER32.dll+0x7b7a]
C  [USER32.dll+0x97f4]
C  [USER32.dll+0x17e11]
C  [hello.dll+0x2b9a5]  WinMain+0x215
C  [hello.dll+0x2b4c5]  Java_JavaAssignment_sayHello+0x45
j  JavaAssignment.sayHello()V+0
j  JavaAssignment.main([Ljava/lang/String;)V+7
v  ~StubRoutines::call_stub
V  [jvm.dll+0x155c05]
V  [jvm.dll+0x21b0be]
V  [jvm.dll+0x155c9e]
V  [jvm.dll+0xdab27]
V  [jvm.dll+0xe30cf]
C  [java.exe+0x228d]
C  [java.exe+0xadef]
C  [java.exe+0xae79]
C  [KERNEL32.DLL+0x1919f]
C  [ntdll.dll+0x5b54f]
C  [ntdll.dll+0x5b51a]
C  0x00000000

Java frames: (J=compiled Java code, j=interpreted, Vv=VM code)
j  JavaAssignment.sayHello()V+0
j  JavaAssignment.main([Ljava/lang/String;)V+7
v  ~StubRoutines::call_stub

---------------  P R O C E S S  ---------------

Java Threads: ( => current thread )
  0x14cb4c00 JavaThread "Service Thread" daemon [_thread_blocked, id=6040, stack(0x15130000,0x15180000)]
  0x14c9a800 JavaThread "C1 CompilerThread0" daemon [_thread_blocked, id=7472, stack(0x150a0000,0x150f0000)]
  0x14c99400 JavaThread "Attach Listener" daemon [_thread_blocked, id=188, stack(0x15010000,0x15060000)]
  0x14c97400 JavaThread "Signal Dispatcher" daemon [_thread_blocked, id=4632, stack(0x14f80000,0x14fd0000)]
  0x14c66800 JavaThread "Finalizer" daemon [_thread_blocked, id=6008, stack(0x14ef0000,0x14f40000)]
  0x0262e800 JavaThread "Reference Handler" daemon [_thread_blocked, id=6996, stack(0x14e60000,0x14eb0000)]
=>0x0077c000 JavaThread "main" [_thread_in_native, id=6328, stack(0x008d0000,0x00920000)]

Other Threads:
  0x0262bc00 VMThread [stack: 0x04760000,0x047b0000] [id=2096]
  0x14c93400 WatcherThread [stack: 0x151c0000,0x15210000] [id=1012]

VM state:not at safepoint (normal execution)

VM Mutex/Monitor currently owned by a thread: None

Heap:
 def new generation   total 4928K, used 530K [0x04800000, 0x04d50000, 0x09d50000)
  eden space 4416K,  12% used [0x04800000, 0x04884a28, 0x04c50000)
  from space 512K,   0% used [0x04c50000, 0x04c50000, 0x04cd0000)
  to   space 512K,   0% used [0x04cd0000, 0x04cd0000, 0x04d50000)
 tenured generation   total 10944K, used 0K [0x09d50000, 0x0a800000, 0x14800000)
   the space 10944K,   0% used [0x09d50000, 0x09d50000, 0x09d50200, 0x0a800000)
 Metaspace       used 1580K, capacity 2248K, committed 2368K, reserved 4480K

Card table byte_map: [0x04630000,0x046c0000] byte_map_base: 0x0460c000

Polling page: 0x006f0000

CodeCache: size=32768Kb used=667Kb max_used=667Kb free=32100Kb
 bounds [0x02630000, 0x026d8000, 0x04630000]
 total_blobs=151 nmethods=14 adapters=69
 compilation: enabled

Compilation events (10 events):
Event: 0.061 Thread 0x14c9a800   10             java.lang.Character::toLowerCase (9 bytes)
Event: 0.062 Thread 0x14c9a800 nmethod 10 0x026d5dc8 code [0x026d5ed0, 0x026d5f78]
Event: 0.062 Thread 0x14c9a800   11             java.lang.CharacterDataLatin1::toLowerCase (39 bytes)
Event: 0.062 Thread 0x14c9a800 nmethod 11 0x026d6008 code [0x026d6100, 0x026d61e0]
Event: 0.062 Thread 0x14c9a800   12             java.lang.AbstractStringBuilder::ensureCapacityInternal (16 bytes)
Event: 0.062 Thread 0x14c9a800 nmethod 12 0x026d62c8 code [0x026d63d0, 0x026d647c]
Event: 0.062 Thread 0x14c9a800   13             java.lang.AbstractStringBuilder::append (29 bytes)
Event: 0.062 Thread 0x14c9a800 nmethod 13 0x026d6508 code [0x026d6610, 0x026d66fc]
Event: 0.067 Thread 0x14c9a800   14             java.io.WinNTFileSystem::normalize (143 bytes)
Event: 0.067 Thread 0x14c9a800 nmethod 14 0x026d6808 code [0x026d6950, 0x026d6bbc]

GC Heap History (0 events):
No events

Deoptimization events (0 events):
No events

Internal exceptions (2 events):
Event: 0.032 Thread 0x0077c000 Exception <a 'java/lang/NoSuchMethodError': Method sun.misc.Unsafe.defineClass(Ljava/lang/String;[BII)Ljava/lang/Class; name or signature does not match> (0x0480bce0) thrown at [D:\re\puppet\workspace\8-2-build-windows-i586-cygwin\jdk8u40\2855\hotspot\src\–Ý¶*h4 ?
Event: 0.032 Thread 0x0077c000 Exception <a 'java/lang/NoSuchMethodError': Method sun.misc.Unsafe.prefetchRead(Ljava/lang/Object;J)V name or signature does not match> (0x0480bf60) thrown at [D:\re\puppet\workspace\8-2-build-windows-i586-cygwin\jdk8u40\2855\hotspot\src\share\vm\prims\jni

Events (10 events):
Event: 0.066 loading class java/io/IOException done
Event: 0.066 loading class java/io/FileNotFoundException done
Event: 0.066 loading class MazeGenerator
Event: 0.066 loading class MazeGenerator done
Event: 0.066 loading class java/lang/Void
Event: 0.066 loading class java/lang/Void done
Event: 0.067 loading class java/lang/ClassLoaderHelper
Event: 0.067 loading class java/lang/ClassLoaderHelper done
Event: 4.090 Executing VM operation: EnableBiasedLocking
Event: 4.090 Executing VM operation: EnableBiasedLocking done


Dynamic libraries:
0x010f0000 - 0x01123000 	C:\Program Files (x86)\Java\jdk1.8.0_40\bin\java.exe
0x77130000 - 0x7729e000 	C:\Windows\SYSTEM32\ntdll.dll
0x76cc0000 - 0x76e00000 	C:\Windows\SYSTEM32\KERNEL32.DLL
0x74e10000 - 0x74ee0000 	C:\Windows\SYSTEM32\KERNELBASE.dll
0x6b100000 - 0x6b199000 	C:\Windows\system32\apphelp.dll
0x506b0000 - 0x50909000 	C:\Windows\AppPatch\AcGenral.DLL
0x76470000 - 0x7652e000 	C:\Windows\SYSTEM32\msvcrt.dll
0x77020000 - 0x7705e000 	C:\Windows\SYSTEM32\sechost.dll
0x74b20000 - 0x74b3d000 	C:\Windows\SYSTEM32\SspiCli.dll
0x766e0000 - 0x76721000 	C:\Windows\SYSTEM32\SHLWAPI.dll
0x6bef0000 - 0x6bfcb000 	C:\Windows\SYSTEM32\UxTheme.dll
0x74b70000 - 0x74cbc000 	C:\Windows\SYSTEM32\USER32.dll
0x76530000 - 0x76637000 	C:\Windows\SYSTEM32\GDI32.dll
0x74410000 - 0x74430000 	C:\Windows\SYSTEM32\WINMM.dll
0x67ec0000 - 0x67ed2000 	C:\Windows\SYSTEM32\samcli.dll
0x74f40000 - 0x7504c000 	C:\Windows\SYSTEM32\ole32.dll
0x76640000 - 0x766d5000 	C:\Windows\SYSTEM32\OLEAUT32.dll
0x67f20000 - 0x67f35000 	C:\Windows\SYSTEM32\MSACM32.dll
0x748a0000 - 0x748a8000 	C:\Windows\SYSTEM32\VERSION.dll
0x75050000 - 0x76207000 	C:\Windows\SYSTEM32\SHELL32.dll
0x73090000 - 0x730a9000 	C:\Windows\SYSTEM32\USERENV.dll
0x6ebd0000 - 0x6ebe8000 	C:\Windows\SYSTEM32\dwmapi.dll
0x6cbc0000 - 0x6ccec000 	C:\Windows\SYSTEM32\urlmon.dll
0x763f0000 - 0x76468000 	C:\Windows\SYSTEM32\ADVAPI32.dll
0x6eb20000 - 0x6eb7e000 	C:\Windows\SYSTEM32\WINSPOOL.DRV
0x6f310000 - 0x6f324000 	C:\Windows\SYSTEM32\MPR.dll
0x76a50000 - 0x76b00000 	C:\Windows\SYSTEM32\RPCRT4.dll
0x74b10000 - 0x74b19000 	C:\Windows\SYSTEM32\CRYPTBASE.dll
0x74cc0000 - 0x74e0e000 	C:\Windows\SYSTEM32\combase.dll
0x731b0000 - 0x731d0000 	C:\Windows\SYSTEM32\WINMMBASE.dll
0x73100000 - 0x7310e000 	C:\Windows\SYSTEM32\profapi.dll
0x72900000 - 0x72b1b000 	C:\Windows\SYSTEM32\iertutil.dll
0x72d30000 - 0x72ef2000 	C:\Windows\SYSTEM32\WININET.dll
0x74ab0000 - 0x74b02000 	C:\Windows\SYSTEM32\bcryptPrimitives.dll
0x76c80000 - 0x76cba000 	C:\Windows\SYSTEM32\cfgmgr32.dll
0x73190000 - 0x731af000 	C:\Windows\SYSTEM32\DEVOBJ.dll
0x73110000 - 0x73186000 	C:\Windows\SYSTEM32\SHCORE.DLL
0x74b40000 - 0x74b65000 	C:\Windows\system32\IMM32.DLL
0x76e80000 - 0x76f92000 	C:\Windows\SYSTEM32\MSCTF.dll
0x6f770000 - 0x6f956000 	C:\Windows\WinSxS\x86_microsoft.windows.common-controls_6595b64144ccf1df_6.0.9600.17031_none_a9efdb8b01377ea7\COMCTL32.dll
0x5d900000 - 0x5d9bf000 	C:\Program Files (x86)\Java\jdk1.8.0_40\jre\bin\msvcr100.dll
0x00c80000 - 0x01040000 	C:\Program Files (x86)\Java\jdk1.8.0_40\jre\bin\client\jvm.dll
0x73080000 - 0x73088000 	C:\Windows\SYSTEM32\WSOCK32.dll
0x76e60000 - 0x76e66000 	C:\Windows\SYSTEM32\PSAPI.DLL
0x769e0000 - 0x76a2d000 	C:\Windows\SYSTEM32\WS2_32.dll
0x768e0000 - 0x768e7000 	C:\Windows\SYSTEM32\NSI.dll
0x6f480000 - 0x6f48c000 	C:\Program Files (x86)\Java\jdk1.8.0_40\jre\bin\verify.dll
0x6cd00000 - 0x6cd21000 	C:\Program Files (x86)\Java\jdk1.8.0_40\jre\bin\java.dll
0x00740000 - 0x00753000 	C:\Program Files (x86)\Java\jdk1.8.0_40\jre\bin\zip.dll
0x62c20000 - 0x62c67000 	C:\Users\darkdanito\Desktop\D3 GUI\hello\Debug\hello.dll
0x768f0000 - 0x7697a000 	C:\Windows\SYSTEM32\COMDLG32.dll
0x5d740000 - 0x5d8ff000 	C:\Windows\SYSTEM32\MSVCR120D.dll
0x5d670000 - 0x5d739000 	C:\Windows\SYSTEM32\MSVCP120D.dll
0x6beb0000 - 0x6bef0000 	C:\Program Files (x86)\TeamViewer\tv_w32.dll
0x749f0000 - 0x749f9000 	C:\Windows\SYSTEM32\kernel.appcore.dll
0x63ab0000 - 0x63bf8000 	C:\Windows\SYSTEM32\dbghelp.dll

VM Arguments:
java_command: JavaAssignment
java_class_path (initial): .
Launcher Type: SUN_STANDARD

Environment Variables:
PATH=C:\Program Files (x86)\Java\jdk1.8.0_40\jre\bin\client;C:\Program Files (x86)\Java\jdk1.8.0_40\bin;C:\Program Files (x86)\NVIDIA Corporation\PhysX\Common;C:\ProgramData\Oracle\Java\javapath;C:\Program Files (x86)\Intel\iCLS Client\;C:\Program Files\Intel\iCLS Client\;C:\Windows\system32;C:\Windows;C:\Windows\System32\Wbem;C:\Windows\System32\WindowsPowerShell\v1.0\;C:\Program Files\Intel\Intel(R) Management Engine Components\DAL;C:\Program Files\Intel\Intel(R) Management Engine Components\IPT;C:\Program Files (x86)\Intel\Intel(R) Management Engine Components\DAL;C:\Program Files (x86)\Intel\Intel(R) Management Engine Components\IPT;C:\Program Files (x86)\Windows Live\Shared;C:\Program Files (x86)\Windows Kits\8.1\Windows Performance Toolkit\;C:\Program Files\Microsoft SQL Server\110\Tools\Binn\;C:\Program Files (x86)\Microsoft SDKs\TypeScript\1.0\;C:\Program Files\Intel\WiFi\bin\;C:\Program Files\Common Files\Intel\WirelessCommon\;E:\Program Files (x86)\Graphviz2.38\bin;E:\Program Files\TortoiseSVN\bin;C:\Program Files\Intel\WiFi\bin\;C:\Program Files\Common Files\Intel\WirelessCommon\;C:\MinGW\bin;
USERNAME=darkdanito
OS=Windows_NT
PROCESSOR_IDENTIFIER=Intel64 Family 6 Model 69 Stepping 1, GenuineIntel



---------------  S Y S T E M  ---------------

OS: Windows 8.1 , 64 bit Build 9600 (6.3.9600.17056)

CPU:total 4 (2 cores per cpu, 2 threads per core) family 6 model 69 stepping 1, cmov, cx8, fxsr, mmx, sse, sse2, sse3, ssse3, sse4.1, sse4.2, popcnt, avx, avx2, aes, clmul, erms, rtm, lzcnt, ht, tsc, tscinvbit, bmi1, bmi2

Memory: 4k page, physical 8291784k(5508656k free), swap 9602504k(6477600k free)

vm_info: Java HotSpot(TM) Client VM (25.40-b25) for windows-x86 JRE (1.8.0_40-b25), built on Feb 10 2015 21:08:16 by "java_re" with MS VC++ 10.0 (VS2010)

time: Fri Mar 27 13:11:24 2015
elapsed time: 7 seconds (0d 0h 0m 7s)

